<?xml version="1.0" encoding="UTF-8"?>
<!-- Generated by org.testng.reporters.JUnitXMLReporter -->
<testsuite hostname="balajis-mbp" ignored="1" name="Default test" tests="2" failures="0" timestamp="2020-09-07T21:18:14 IST" time="51.646" errors="0">
  <testcase name="createNewPatientTest" time="7.559" classname="com.slk.test.DemoTest"/>
  <testcase name="createNewPatientTest" time="9.195" classname="com.slk.test.DemoTest"/>
  <testcase name="validInputTest" time="0.0" classname="com.slk.test.DemoTest">
    <ignored/>
  </testcase> <!-- validInputTest -->
</testsuite> <!-- Default test -->
