<?xml version="1.0" encoding="UTF-8"?>
<testng-results skipped="0" failed="0" ignored="0" total="1" passed="1">
  <reporter-output>
  </reporter-output>
  <suite name="Suite" duration-ms="9304" started-at="2020-09-07T21:45:42 IST" finished-at="2020-09-07T21:45:51 IST">
    <groups>
    </groups>
    <test name="Test" duration-ms="9304" started-at="2020-09-07T21:45:42 IST" finished-at="2020-09-07T21:45:51 IST">
      <class name="com.slk.test.AddPatientTest">
        <test-method status="PASS" signature="setUp(java.lang.String)[pri:0, instance:com.slk.test.AddPatientTest@66480dd7]" name="setUp" is-config="true" duration-ms="5035" started-at="2020-09-07T21:45:42 IST" finished-at="2020-09-07T21:45:47 IST">
          <params>
            <param index="0">
              <value>
                <![CDATA[ch]]>
              </value>
            </param>
          </params>
          <reporter-output>
          </reporter-output>
        </test-method> <!-- setUp -->
        <test-method status="PASS" signature="createNewPatientTest()[pri:0, instance:com.slk.test.AddPatientTest@66480dd7]" name="createNewPatientTest" duration-ms="4129" started-at="2020-09-07T21:45:47 IST" finished-at="2020-09-07T21:45:51 IST">
          <reporter-output>
          </reporter-output>
        </test-method> <!-- createNewPatientTest -->
        <test-method status="PASS" signature="tearDown()[pri:0, instance:com.slk.test.AddPatientTest@66480dd7]" name="tearDown" is-config="true" duration-ms="107" started-at="2020-09-07T21:45:51 IST" finished-at="2020-09-07T21:45:51 IST">
          <reporter-output>
          </reporter-output>
        </test-method> <!-- tearDown -->
      </class> <!-- com.slk.test.AddPatientTest -->
    </test> <!-- Test -->
  </suite> <!-- Suite -->
</testng-results>
